0 verbose cli C:\Program Files\nodejs\node.exe C:\Users\Tutur\AppData\Roaming\npm\node_modules\npm\bin\npm-cli.js
1 info using npm@10.9.2
2 info using node@v22.11.0
3 silly config load:file:C:\Users\Tutur\AppData\Roaming\npm\node_modules\npm\npmrc
4 silly config load:file:C:\Users\Tutur\Desktop\Udemy\Practica_MERN\.npmrc
5 silly config load:file:C:\Users\Tutur\.npmrc
6 silly config load:file:C:\Users\Tutur\AppData\Roaming\npm\etc\npmrc
7 verbose title npm create vite
8 verbose argv "create" "vite"
9 verbose logfile logs-max:10 dir:C:\Users\Tutur\Desktop\Udemy\Practica_MERN\tmpnodejsnpm-cache\_logs\2024-12-21T23_11_04_252Z-
10 verbose logfile C:\Users\Tutur\Desktop\Udemy\Practica_MERN\tmpnodejsnpm-cache\_logs\2024-12-21T23_11_04_252Z-debug-0.log
11 silly logfile done cleaning log files
12 silly packumentCache heap:4345298944 maxSize:1086324736 maxEntrySize:543162368
13 http fetch GET 200 https://registry.npmjs.org/create-vite 314ms (cache miss)
14 silly packumentCache heap:4345298944 maxSize:1086324736 maxEntrySize:543162368
15 silly idealTree buildDeps
16 silly fetch manifest create-vite@6.1.0
17 silly packumentCache full:https://registry.npmjs.org/create-vite cache-miss
18 http fetch GET 200 https://registry.npmjs.org/create-vite 128ms (cache miss)
19 silly packumentCache full:https://registry.npmjs.org/create-vite set size:undefined disposed:false
20 silly placeDep ROOT create-vite@6.1.0 OK for:  want: 6.1.0
21 silly reify moves {}
22 silly audit bulk request { 'create-vite': [ '6.1.0' ] }
23 http cache create-vite@https://registry.npmjs.org/create-vite/-/create-vite-6.1.0.tgz 1ms (cache hit)
24 silly tarball no local data for create-vite@https://registry.npmjs.org/create-vite/-/create-vite-6.1.0.tgz. Extracting by manifest.
25 http fetch POST 200 https://registry.npmjs.org/-/npm/v1/security/advisories/bulk 278ms
26 silly audit report {}
27 http fetch GET 200 https://registry.npmjs.org/create-vite/-/create-vite-6.1.0.tgz 428ms (cache miss)
28 verbose cwd C:\Users\Tutur\Desktop\Udemy\Practica_MERN
29 verbose os Windows_NT 10.0.22631
30 verbose node v22.11.0
31 verbose npm  v10.9.2
32 verbose exit 0
33 info ok
