0 verbose cli C:\Program Files\nodejs\node.exe C:\Users\Tutur\AppData\Roaming\npm\node_modules\npm\bin\npm-cli.js
1 info using npm@10.9.2
2 info using node@v22.11.0
3 silly config load:file:C:\Users\Tutur\AppData\Roaming\npm\node_modules\npm\npmrc
4 silly config load:file:C:\Users\Tutur\Desktop\Udemy\Practica_MERN\.npmrc
5 silly config load:file:C:\Users\Tutur\.npmrc
6 silly config load:file:C:\Users\Tutur\AppData\Roaming\npm\etc\npmrc
7 verbose title npm i express mysql2 morgan
8 verbose argv "i" "express" "mysql2" "morgan"
9 verbose logfile logs-max:10 dir:C:\Users\Tutur\Desktop\Udemy\Practica_MERN\tmpnodejsnpm-cache\_logs\2024-12-21T21_20_47_528Z-
10 verbose logfile C:\Users\Tutur\Desktop\Udemy\Practica_MERN\tmpnodejsnpm-cache\_logs\2024-12-21T21_20_47_528Z-debug-0.log
11 silly logfile done cleaning log files
12 silly packumentCache heap:4345298944 maxSize:1086324736 maxEntrySize:543162368
13 silly idealTree buildDeps
14 silly fetch manifest express@*
15 silly packumentCache full:https://registry.npmjs.org/express cache-miss
16 http fetch GET 200 https://registry.npmjs.org/express 258ms (cache miss)
17 silly packumentCache full:https://registry.npmjs.org/express set size:undefined disposed:false
18 silly fetch manifest mysql2@*
19 silly packumentCache full:https://registry.npmjs.org/mysql2 cache-miss
20 http fetch GET 200 https://registry.npmjs.org/mysql2 143ms (cache miss)
21 silly packumentCache full:https://registry.npmjs.org/mysql2 set size:undefined disposed:false
22 silly fetch manifest morgan@*
23 silly packumentCache full:https://registry.npmjs.org/morgan cache-miss
24 http fetch GET 200 https://registry.npmjs.org/morgan 145ms (cache miss)
25 silly packumentCache full:https://registry.npmjs.org/morgan set size:undefined disposed:false
26 silly placeDep ROOT express@4.21.2 OK for: practica_mern@1.0.0 want: *
27 silly placeDep ROOT morgan@1.10.0 OK for: practica_mern@1.0.0 want: *
28 silly placeDep ROOT mysql2@3.11.5 OK for: practica_mern@1.0.0 want: *
29 silly fetch manifest qs@6.13.0
30 silly packumentCache full:https://registry.npmjs.org/qs cache-miss
31 silly fetch manifest depd@2.0.0
32 silly packumentCache full:https://registry.npmjs.org/depd cache-miss
33 silly fetch manifest etag@~1.8.1
34 silly packumentCache full:https://registry.npmjs.org/etag cache-miss
35 silly fetch manifest send@0.19.0
36 silly packumentCache full:https://registry.npmjs.org/send cache-miss
37 silly fetch manifest vary@~1.1.2
38 silly packumentCache full:https://registry.npmjs.org/vary cache-miss
39 silly fetch manifest debug@2.6.9
40 silly packumentCache full:https://registry.npmjs.org/debug cache-miss
41 silly fetch manifest fresh@0.5.2
42 silly packumentCache full:https://registry.npmjs.org/fresh cache-miss
43 silly fetch manifest cookie@0.7.1
44 silly packumentCache full:https://registry.npmjs.org/cookie cache-miss
45 silly fetch manifest accepts@~1.3.8
46 silly packumentCache full:https://registry.npmjs.org/accepts cache-miss
47 silly fetch manifest methods@~1.1.2
48 silly packumentCache full:https://registry.npmjs.org/methods cache-miss
49 silly fetch manifest type-is@~1.6.18
50 silly packumentCache full:https://registry.npmjs.org/type-is cache-miss
51 http fetch GET 200 https://registry.npmjs.org/qs 174ms (cache miss)
52 silly packumentCache full:https://registry.npmjs.org/qs set size:undefined disposed:false
53 silly fetch manifest parseurl@~1.3.3
54 silly packumentCache full:https://registry.npmjs.org/parseurl cache-miss
55 http fetch GET 200 https://registry.npmjs.org/vary 186ms (cache miss)
56 silly packumentCache full:https://registry.npmjs.org/vary set size:undefined disposed:false
57 silly fetch manifest statuses@2.0.1
58 silly packumentCache full:https://registry.npmjs.org/statuses cache-miss
59 http fetch GET 200 https://registry.npmjs.org/fresh 220ms (cache miss)
60 silly packumentCache full:https://registry.npmjs.org/fresh set size:undefined disposed:false
61 silly fetch manifest encodeurl@~2.0.0
62 silly packumentCache full:https://registry.npmjs.org/encodeurl cache-miss
63 http fetch GET 200 https://registry.npmjs.org/accepts 234ms (cache miss)
64 silly packumentCache full:https://registry.npmjs.org/accepts set size:undefined disposed:false
65 silly fetch manifest proxy-addr@~2.0.7
66 silly packumentCache full:https://registry.npmjs.org/proxy-addr cache-miss
67 http fetch GET 200 https://registry.npmjs.org/methods 240ms (cache miss)
68 silly packumentCache full:https://registry.npmjs.org/methods set size:undefined disposed:false
69 silly fetch manifest body-parser@1.20.3
70 silly packumentCache full:https://registry.npmjs.org/body-parser cache-miss
71 http fetch GET 200 https://registry.npmjs.org/depd 246ms (cache miss)
72 silly packumentCache full:https://registry.npmjs.org/depd set size:undefined disposed:false
73 silly fetch manifest escape-html@~1.0.3
74 silly packumentCache full:https://registry.npmjs.org/escape-html cache-miss
75 http fetch GET 200 https://registry.npmjs.org/type-is 247ms (cache miss)
76 silly packumentCache full:https://registry.npmjs.org/type-is set size:undefined disposed:false
77 silly fetch manifest http-errors@2.0.0
78 silly packumentCache full:https://registry.npmjs.org/http-errors cache-miss
79 http fetch GET 200 https://registry.npmjs.org/cookie 260ms (cache miss)
80 silly packumentCache full:https://registry.npmjs.org/cookie set size:undefined disposed:false
81 silly fetch manifest on-finished@2.4.1
82 silly packumentCache full:https://registry.npmjs.org/on-finished cache-miss
83 http fetch GET 200 https://registry.npmjs.org/send 268ms (cache miss)
84 silly packumentCache full:https://registry.npmjs.org/send set size:undefined disposed:false
85 silly fetch manifest safe-buffer@5.2.1
86 silly packumentCache full:https://registry.npmjs.org/safe-buffer cache-miss
87 http fetch GET 200 https://registry.npmjs.org/etag 277ms (cache miss)
88 silly packumentCache full:https://registry.npmjs.org/etag set size:undefined disposed:false
89 silly fetch manifest utils-merge@1.0.1
90 silly packumentCache full:https://registry.npmjs.org/utils-merge cache-miss
91 http fetch GET 200 https://registry.npmjs.org/debug 280ms (cache miss)
92 silly packumentCache full:https://registry.npmjs.org/debug set size:undefined disposed:false
93 silly fetch manifest content-type@~1.0.4
94 silly packumentCache full:https://registry.npmjs.org/content-type cache-miss
95 http fetch GET 200 https://registry.npmjs.org/encodeurl 75ms (cache miss)
96 silly packumentCache full:https://registry.npmjs.org/encodeurl set size:undefined disposed:false
97 silly fetch manifest finalhandler@1.3.1
98 silly packumentCache full:https://registry.npmjs.org/finalhandler cache-miss
99 http fetch GET 200 https://registry.npmjs.org/escape-html 98ms (cache miss)
100 silly packumentCache full:https://registry.npmjs.org/escape-html set size:undefined disposed:false
101 silly fetch manifest range-parser@~1.2.1
102 silly packumentCache full:https://registry.npmjs.org/range-parser cache-miss
103 http fetch GET 200 https://registry.npmjs.org/http-errors 96ms (cache miss)
104 silly packumentCache full:https://registry.npmjs.org/http-errors set size:undefined disposed:false
105 silly fetch manifest serve-static@1.16.2
106 silly packumentCache full:https://registry.npmjs.org/serve-static cache-miss
107 http fetch GET 200 https://registry.npmjs.org/statuses 172ms (cache miss)
108 silly packumentCache full:https://registry.npmjs.org/statuses set size:undefined disposed:false
109 silly fetch manifest array-flatten@1.1.1
110 silly packumentCache full:https://registry.npmjs.org/array-flatten cache-miss
111 http fetch GET 200 https://registry.npmjs.org/body-parser 123ms (cache miss)
112 silly packumentCache full:https://registry.npmjs.org/body-parser set size:undefined disposed:false
113 silly fetch manifest path-to-regexp@0.1.12
114 silly packumentCache full:https://registry.npmjs.org/path-to-regexp cache-miss
115 http fetch GET 200 https://registry.npmjs.org/on-finished 112ms (cache miss)
116 silly packumentCache full:https://registry.npmjs.org/on-finished set size:undefined disposed:false
117 silly fetch manifest setprototypeof@1.2.0
118 silly packumentCache full:https://registry.npmjs.org/setprototypeof cache-miss
119 http fetch GET 200 https://registry.npmjs.org/utils-merge 104ms (cache miss)
120 silly packumentCache full:https://registry.npmjs.org/utils-merge set size:undefined disposed:false
121 silly fetch manifest cookie-signature@1.0.6
122 silly packumentCache full:https://registry.npmjs.org/cookie-signature cache-miss
123 http fetch GET 200 https://registry.npmjs.org/safe-buffer 115ms (cache miss)
124 silly packumentCache full:https://registry.npmjs.org/safe-buffer set size:undefined disposed:false
125 silly fetch manifest merge-descriptors@1.0.3
126 silly packumentCache full:https://registry.npmjs.org/merge-descriptors cache-miss
127 http fetch GET 200 https://registry.npmjs.org/proxy-addr 155ms (cache miss)
128 silly packumentCache full:https://registry.npmjs.org/proxy-addr set size:undefined disposed:false
129 silly fetch manifest content-disposition@0.5.4
130 silly packumentCache full:https://registry.npmjs.org/content-disposition cache-miss
131 http fetch GET 200 https://registry.npmjs.org/finalhandler 98ms (cache miss)
132 silly packumentCache full:https://registry.npmjs.org/finalhandler set size:undefined disposed:false
133 silly fetch manifest depd@~2.0.0
134 silly packumentCache full:https://registry.npmjs.org/depd cache-miss
135 http cache https://registry.npmjs.org/depd 14ms (cache hit)
136 silly packumentCache full:https://registry.npmjs.org/depd set size:40182 disposed:false
137 silly fetch manifest basic-auth@~2.0.1
138 silly packumentCache full:https://registry.npmjs.org/basic-auth cache-miss
139 http fetch GET 200 https://registry.npmjs.org/content-type 146ms (cache miss)
140 silly packumentCache full:https://registry.npmjs.org/content-type set size:undefined disposed:false
141 silly fetch manifest on-headers@~1.0.2
142 silly packumentCache full:https://registry.npmjs.org/on-headers cache-miss
143 http fetch GET 200 https://registry.npmjs.org/range-parser 85ms (cache miss)
144 silly packumentCache full:https://registry.npmjs.org/range-parser set size:undefined disposed:false
145 silly fetch manifest on-finished@~2.3.0
146 silly packumentCache full:https://registry.npmjs.org/on-finished cache-miss
147 http fetch GET 200 https://registry.npmjs.org/serve-static 85ms (cache miss)
148 silly packumentCache full:https://registry.npmjs.org/serve-static set size:undefined disposed:false
149 silly fetch manifest long@^5.2.1
150 silly packumentCache full:https://registry.npmjs.org/long cache-miss
151 http cache https://registry.npmjs.org/on-finished 19ms (cache hit)
152 silly packumentCache full:https://registry.npmjs.org/on-finished set size:23152 disposed:false
153 silly fetch manifest denque@^2.1.0
154 silly packumentCache full:https://registry.npmjs.org/denque cache-miss
155 http fetch GET 200 https://registry.npmjs.org/array-flatten 99ms (cache miss)
156 silly packumentCache full:https://registry.npmjs.org/array-flatten set size:undefined disposed:false
157 silly fetch manifest lru.min@^1.0.0
158 silly packumentCache full:https://registry.npmjs.org/lru.min cache-miss
159 http fetch GET 200 https://registry.npmjs.org/setprototypeof 88ms (cache miss)
160 silly packumentCache full:https://registry.npmjs.org/setprototypeof set size:undefined disposed:false
161 silly fetch manifest seq-queue@^0.0.5
162 silly packumentCache full:https://registry.npmjs.org/seq-queue cache-miss
163 http fetch GET 200 https://registry.npmjs.org/cookie-signature 87ms (cache miss)
164 silly packumentCache full:https://registry.npmjs.org/cookie-signature set size:undefined disposed:false
165 silly fetch manifest sqlstring@^2.3.2
166 silly packumentCache full:https://registry.npmjs.org/sqlstring cache-miss
167 http fetch GET 200 https://registry.npmjs.org/merge-descriptors 83ms (cache miss)
168 silly packumentCache full:https://registry.npmjs.org/merge-descriptors set size:undefined disposed:false
169 silly fetch manifest iconv-lite@^0.6.3
170 silly packumentCache full:https://registry.npmjs.org/iconv-lite cache-miss
171 http fetch GET 200 https://registry.npmjs.org/parseurl 331ms (cache miss)
172 silly packumentCache full:https://registry.npmjs.org/parseurl set size:undefined disposed:false
173 silly fetch manifest aws-ssl-profiles@^1.1.1
174 silly packumentCache full:https://registry.npmjs.org/aws-ssl-profiles cache-miss
175 http fetch GET 200 https://registry.npmjs.org/long 75ms (cache miss)
176 silly packumentCache full:https://registry.npmjs.org/long set size:undefined disposed:false
177 silly fetch manifest generate-function@^2.3.1
178 silly packumentCache full:https://registry.npmjs.org/generate-function cache-miss
179 http fetch GET 200 https://registry.npmjs.org/path-to-regexp 157ms (cache miss)
180 silly packumentCache full:https://registry.npmjs.org/path-to-regexp set size:undefined disposed:false
181 silly fetch manifest named-placeholders@^1.1.3
182 silly packumentCache full:https://registry.npmjs.org/named-placeholders cache-miss
183 http fetch GET 200 https://registry.npmjs.org/seq-queue 66ms (cache miss)
184 silly packumentCache full:https://registry.npmjs.org/seq-queue set size:undefined disposed:false
185 http fetch GET 200 https://registry.npmjs.org/content-disposition 154ms (cache miss)
186 silly packumentCache full:https://registry.npmjs.org/content-disposition set size:undefined disposed:false
187 http fetch GET 200 https://registry.npmjs.org/basic-auth 133ms (cache miss)
188 silly packumentCache full:https://registry.npmjs.org/basic-auth set size:undefined disposed:false
189 http fetch GET 200 https://registry.npmjs.org/iconv-lite 74ms (cache miss)
190 silly packumentCache full:https://registry.npmjs.org/iconv-lite set size:undefined disposed:false
191 http fetch GET 200 https://registry.npmjs.org/on-headers 132ms (cache miss)
192 silly packumentCache full:https://registry.npmjs.org/on-headers set size:undefined disposed:false
193 http fetch GET 200 https://registry.npmjs.org/aws-ssl-profiles 68ms (cache miss)
194 silly packumentCache full:https://registry.npmjs.org/aws-ssl-profiles set size:undefined disposed:false
195 http fetch GET 200 https://registry.npmjs.org/lru.min 127ms (cache miss)
196 silly packumentCache full:https://registry.npmjs.org/lru.min set size:undefined disposed:false
197 http fetch GET 200 https://registry.npmjs.org/denque 139ms (cache miss)
198 silly packumentCache full:https://registry.npmjs.org/denque set size:undefined disposed:false
199 http fetch GET 200 https://registry.npmjs.org/sqlstring 138ms (cache miss)
200 silly packumentCache full:https://registry.npmjs.org/sqlstring set size:undefined disposed:false
201 http fetch GET 200 https://registry.npmjs.org/named-placeholders 771ms (cache miss)
202 silly packumentCache full:https://registry.npmjs.org/named-placeholders set size:undefined disposed:false
203 http fetch GET 200 https://registry.npmjs.org/generate-function 802ms (cache miss)
204 silly packumentCache full:https://registry.npmjs.org/generate-function set size:undefined disposed:false
205 silly placeDep ROOT accepts@1.3.8 OK for: express@4.21.2 want: ~1.3.8
206 silly placeDep ROOT array-flatten@1.1.1 OK for: express@4.21.2 want: 1.1.1
207 silly placeDep ROOT body-parser@1.20.3 OK for: express@4.21.2 want: 1.20.3
208 silly placeDep ROOT content-disposition@0.5.4 OK for: express@4.21.2 want: 0.5.4
209 silly placeDep ROOT content-type@1.0.5 OK for: express@4.21.2 want: ~1.0.4
210 silly placeDep ROOT cookie@0.7.1 OK for: express@4.21.2 want: 0.7.1
211 silly placeDep ROOT cookie-signature@1.0.6 OK for: express@4.21.2 want: 1.0.6
212 silly placeDep ROOT debug@2.6.9 OK for: express@4.21.2 want: 2.6.9
213 silly placeDep ROOT depd@2.0.0 OK for: express@4.21.2 want: 2.0.0
214 silly placeDep ROOT encodeurl@2.0.0 OK for: express@4.21.2 want: ~2.0.0
215 silly placeDep ROOT escape-html@1.0.3 OK for: express@4.21.2 want: ~1.0.3
216 silly placeDep ROOT etag@1.8.1 OK for: express@4.21.2 want: ~1.8.1
217 silly placeDep ROOT finalhandler@1.3.1 OK for: express@4.21.2 want: 1.3.1
218 silly placeDep ROOT fresh@0.5.2 OK for: express@4.21.2 want: 0.5.2
219 silly placeDep ROOT http-errors@2.0.0 OK for: express@4.21.2 want: 2.0.0
220 silly placeDep ROOT merge-descriptors@1.0.3 OK for: express@4.21.2 want: 1.0.3
221 silly placeDep ROOT methods@1.1.2 OK for: express@4.21.2 want: ~1.1.2
222 silly placeDep ROOT on-finished@2.4.1 OK for: express@4.21.2 want: 2.4.1
223 silly placeDep ROOT parseurl@1.3.3 OK for: express@4.21.2 want: ~1.3.3
224 silly placeDep ROOT path-to-regexp@0.1.12 OK for: express@4.21.2 want: 0.1.12
225 silly placeDep ROOT proxy-addr@2.0.7 OK for: express@4.21.2 want: ~2.0.7
226 silly placeDep ROOT qs@6.13.0 OK for: express@4.21.2 want: 6.13.0
227 silly placeDep ROOT range-parser@1.2.1 OK for: express@4.21.2 want: ~1.2.1
228 silly placeDep ROOT safe-buffer@5.2.1 OK for: express@4.21.2 want: 5.2.1
229 silly placeDep ROOT send@0.19.0 OK for: express@4.21.2 want: 0.19.0
230 silly placeDep ROOT serve-static@1.16.2 OK for: express@4.21.2 want: 1.16.2
231 silly placeDep ROOT setprototypeof@1.2.0 OK for: express@4.21.2 want: 1.2.0
232 silly placeDep ROOT statuses@2.0.1 OK for: express@4.21.2 want: 2.0.1
233 silly placeDep ROOT type-is@1.6.18 OK for: express@4.21.2 want: ~1.6.18
234 silly placeDep ROOT utils-merge@1.0.1 OK for: express@4.21.2 want: 1.0.1
235 silly placeDep ROOT vary@1.1.2 OK for: express@4.21.2 want: ~1.1.2
236 silly fetch manifest mime-types@~2.1.34
237 silly packumentCache full:https://registry.npmjs.org/mime-types cache-miss
238 silly fetch manifest negotiator@0.6.3
239 silly packumentCache full:https://registry.npmjs.org/negotiator cache-miss
240 silly fetch manifest bytes@3.1.2
241 silly packumentCache full:https://registry.npmjs.org/bytes cache-miss
242 silly fetch manifest unpipe@1.0.0
243 silly packumentCache full:https://registry.npmjs.org/unpipe cache-miss
244 silly fetch manifest destroy@1.2.0
245 silly packumentCache full:https://registry.npmjs.org/destroy cache-miss
246 silly fetch manifest raw-body@2.5.2
247 silly packumentCache full:https://registry.npmjs.org/raw-body cache-miss
248 silly fetch manifest iconv-lite@0.4.24
249 silly packumentCache full:https://registry.npmjs.org/iconv-lite cache-miss
250 silly fetch manifest content-type@~1.0.5
251 silly packumentCache full:https://registry.npmjs.org/content-type cache-miss
252 silly fetch manifest ms@2.0.0
253 silly packumentCache full:https://registry.npmjs.org/ms cache-miss
254 silly fetch manifest unpipe@~1.0.0
255 silly packumentCache full:https://registry.npmjs.org/unpipe cache-miss
256 silly fetch manifest inherits@2.0.4
257 silly packumentCache full:https://registry.npmjs.org/inherits cache-miss
258 http cache https://registry.npmjs.org/iconv-lite 12ms (cache hit)
259 silly packumentCache full:https://registry.npmjs.org/iconv-lite set size:115994 disposed:false
260 silly fetch manifest toidentifier@1.0.1
261 silly packumentCache full:https://registry.npmjs.org/toidentifier cache-miss
262 http cache https://registry.npmjs.org/content-type 14ms (cache hit)
263 silly packumentCache full:https://registry.npmjs.org/content-type set size:17251 disposed:false
264 silly fetch manifest ee-first@1.1.1
265 silly packumentCache full:https://registry.npmjs.org/ee-first cache-miss
266 http fetch GET 200 https://registry.npmjs.org/mime-types 66ms (cache miss)
267 silly packumentCache full:https://registry.npmjs.org/mime-types set size:undefined disposed:false
268 silly fetch manifest forwarded@0.2.0
269 silly packumentCache full:https://registry.npmjs.org/forwarded cache-miss
270 http fetch GET 200 https://registry.npmjs.org/ms 69ms (cache miss)
271 silly packumentCache full:https://registry.npmjs.org/ms set size:undefined disposed:false
272 silly fetch manifest ipaddr.js@1.9.1
273 silly packumentCache full:https://registry.npmjs.org/ipaddr.js cache-miss
274 http fetch GET 200 https://registry.npmjs.org/inherits 125ms (cache miss)
275 silly packumentCache full:https://registry.npmjs.org/inherits set size:undefined disposed:false
276 silly fetch manifest side-channel@^1.0.6
277 silly packumentCache full:https://registry.npmjs.org/side-channel cache-miss
278 http fetch GET 200 https://registry.npmjs.org/unpipe 132ms (cache miss)
279 silly packumentCache full:https://registry.npmjs.org/unpipe set size:undefined disposed:false
280 silly fetch manifest ms@2.1.3
281 silly packumentCache full:https://registry.npmjs.org/ms cache-miss
282 http fetch GET 200 https://registry.npmjs.org/ee-first 122ms (cache miss)
283 silly packumentCache full:https://registry.npmjs.org/ee-first set size:undefined disposed:false
284 silly fetch manifest mime@1.6.0
285 silly packumentCache full:https://registry.npmjs.org/mime cache-miss
286 http fetch GET 200 https://registry.npmjs.org/negotiator 142ms (cache miss)
287 silly packumentCache full:https://registry.npmjs.org/negotiator set size:undefined disposed:false
288 silly fetch manifest destroy@1.2.0
289 silly packumentCache full:https://registry.npmjs.org/destroy cache-miss
290 http fetch GET 200 https://registry.npmjs.org/unpipe 139ms (cache miss)
291 silly packumentCache full:https://registry.npmjs.org/unpipe set size:undefined disposed:false
292 silly fetch manifest encodeurl@~1.0.2
293 silly packumentCache full:https://registry.npmjs.org/encodeurl cache-miss
294 http cache https://registry.npmjs.org/ms 23ms (cache hit)
295 silly packumentCache full:https://registry.npmjs.org/ms set size:84836 disposed:false
296 silly fetch manifest mime-types@~2.1.24
297 silly packumentCache full:https://registry.npmjs.org/mime-types cache-miss
298 http fetch GET 200 https://registry.npmjs.org/destroy 158ms (cache miss)
299 silly packumentCache full:https://registry.npmjs.org/destroy set size:undefined disposed:false
300 silly fetch manifest media-typer@0.3.0
301 silly packumentCache full:https://registry.npmjs.org/media-typer cache-miss
302 http fetch GET 200 https://registry.npmjs.org/bytes 160ms (cache miss)
303 silly packumentCache full:https://registry.npmjs.org/bytes set size:undefined disposed:false
304 http cache https://registry.npmjs.org/encodeurl 19ms (cache hit)
305 silly packumentCache full:https://registry.npmjs.org/encodeurl set size:12296 disposed:false
306 http cache https://registry.npmjs.org/mime-types 13ms (cache hit)
307 silly packumentCache full:https://registry.npmjs.org/mime-types set size:129792 disposed:false
308 http fetch GET 200 https://registry.npmjs.org/toidentifier 157ms (cache miss)
309 silly packumentCache full:https://registry.npmjs.org/toidentifier set size:undefined disposed:false
310 http fetch GET 200 https://registry.npmjs.org/raw-body 175ms (cache miss)
311 silly packumentCache full:https://registry.npmjs.org/raw-body set size:undefined disposed:false
312 http fetch GET 200 https://registry.npmjs.org/ipaddr.js 102ms (cache miss)
313 silly packumentCache full:https://registry.npmjs.org/ipaddr.js set size:undefined disposed:false
314 http fetch GET 200 https://registry.npmjs.org/forwarded 117ms (cache miss)
315 silly packumentCache full:https://registry.npmjs.org/forwarded set size:undefined disposed:false
316 http fetch GET 200 https://registry.npmjs.org/side-channel 89ms (cache miss)
317 silly packumentCache full:https://registry.npmjs.org/side-channel set size:undefined disposed:false
318 http fetch GET 200 https://registry.npmjs.org/media-typer 63ms (cache miss)
319 silly packumentCache full:https://registry.npmjs.org/media-typer set size:undefined disposed:false
320 http fetch GET 200 https://registry.npmjs.org/mime 83ms (cache miss)
321 silly packumentCache full:https://registry.npmjs.org/mime set size:undefined disposed:false
322 http fetch GET 200 https://registry.npmjs.org/destroy 84ms (cache miss)
323 silly packumentCache full:https://registry.npmjs.org/destroy set size:undefined disposed:false
324 silly placeDep ROOT mime-types@2.1.35 OK for: accepts@1.3.8 want: ~2.1.34
325 silly placeDep ROOT negotiator@0.6.3 OK for: accepts@1.3.8 want: 0.6.3
326 silly fetch manifest mime-db@1.52.0
327 silly packumentCache full:https://registry.npmjs.org/mime-db cache-miss
328 http fetch GET 200 https://registry.npmjs.org/mime-db 73ms (cache miss)
329 silly packumentCache full:https://registry.npmjs.org/mime-db set size:undefined disposed:false
330 silly placeDep ROOT bytes@3.1.2 OK for: body-parser@1.20.3 want: 3.1.2
331 silly placeDep ROOT destroy@1.2.0 OK for: body-parser@1.20.3 want: 1.2.0
332 silly placeDep ROOT iconv-lite@0.4.24 OK for: body-parser@1.20.3 want: 0.4.24
333 silly placeDep ROOT raw-body@2.5.2 OK for: body-parser@1.20.3 want: 2.5.2
334 silly placeDep ROOT unpipe@1.0.0 OK for: body-parser@1.20.3 want: 1.0.0
335 silly fetch manifest safer-buffer@>= 2.1.2 < 3
336 silly packumentCache full:https://registry.npmjs.org/safer-buffer cache-miss
337 http fetch GET 200 https://registry.npmjs.org/safer-buffer 134ms (cache miss)
338 silly packumentCache full:https://registry.npmjs.org/safer-buffer set size:undefined disposed:false
339 silly placeDep ROOT ms@2.0.0 OK for: debug@2.6.9 want: 2.0.0
340 silly placeDep ROOT inherits@2.0.4 OK for: http-errors@2.0.0 want: 2.0.4
341 silly placeDep ROOT toidentifier@1.0.1 OK for: http-errors@2.0.0 want: 1.0.1
342 silly placeDep ROOT safer-buffer@2.1.2 OK for: iconv-lite@0.4.24 want: >= 2.1.2 < 3
343 silly placeDep ROOT mime-db@1.52.0 OK for: mime-types@2.1.35 want: 1.52.0
344 silly placeDep ROOT basic-auth@2.0.1 OK for: morgan@1.10.0 want: ~2.0.1
345 silly placeDep node_modules/morgan on-finished@2.3.0 OK for: morgan@1.10.0 want: ~2.3.0
346 silly placeDep ROOT on-headers@1.0.2 OK for: morgan@1.10.0 want: ~1.0.2
347 silly fetch manifest safe-buffer@5.1.2
348 silly packumentCache full:https://registry.npmjs.org/safe-buffer cache-miss
349 http cache https://registry.npmjs.org/safe-buffer 3ms (cache hit)
350 silly packumentCache full:https://registry.npmjs.org/safe-buffer set size:41183 disposed:false
351 silly placeDep node_modules/basic-auth safe-buffer@5.1.2 OK for: basic-auth@2.0.1 want: 5.1.2
352 silly placeDep ROOT aws-ssl-profiles@1.1.2 OK for: mysql2@3.11.5 want: ^1.1.1
353 silly placeDep ROOT denque@2.1.0 OK for: mysql2@3.11.5 want: ^2.1.0
354 silly placeDep ROOT generate-function@2.3.1 OK for: mysql2@3.11.5 want: ^2.3.1
355 silly placeDep node_modules/mysql2 iconv-lite@0.6.3 OK for: mysql2@3.11.5 want: ^0.6.3
356 silly placeDep ROOT long@5.2.3 OK for: mysql2@3.11.5 want: ^5.2.1
357 silly placeDep ROOT lru.min@1.1.1 OK for: mysql2@3.11.5 want: ^1.0.0
358 silly placeDep ROOT named-placeholders@1.1.3 OK for: mysql2@3.11.5 want: ^1.1.3
359 silly placeDep ROOT seq-queue@0.0.5 OK for: mysql2@3.11.5 want: ^0.0.5
360 silly placeDep ROOT sqlstring@2.3.3 OK for: mysql2@3.11.5 want: ^2.3.2
361 silly fetch manifest is-property@^1.0.2
362 silly packumentCache full:https://registry.npmjs.org/is-property cache-miss
363 silly fetch manifest lru-cache@^7.14.1
364 silly packumentCache full:https://registry.npmjs.org/lru-cache cache-miss
365 http fetch GET 200 https://registry.npmjs.org/lru-cache 152ms (cache miss)
366 silly packumentCache full:https://registry.npmjs.org/lru-cache set size:undefined disposed:false
367 http fetch GET 200 https://registry.npmjs.org/is-property 708ms (cache miss)
368 silly packumentCache full:https://registry.npmjs.org/is-property set size:undefined disposed:false
369 silly placeDep ROOT is-property@1.0.2 OK for: generate-function@2.3.1 want: ^1.0.2
370 silly placeDep ROOT lru-cache@7.18.3 OK for: named-placeholders@1.1.3 want: ^7.14.1
371 silly placeDep ROOT ee-first@1.1.1 OK for: on-finished@2.4.1 want: 1.1.1
372 silly placeDep ROOT forwarded@0.2.0 OK for: proxy-addr@2.0.7 want: 0.2.0
373 silly placeDep ROOT ipaddr.js@1.9.1 OK for: proxy-addr@2.0.7 want: 1.9.1
374 silly placeDep ROOT side-channel@1.1.0 OK for: qs@6.13.0 want: ^1.0.6
375 silly fetch manifest es-errors@^1.3.0
376 silly packumentCache full:https://registry.npmjs.org/es-errors cache-miss
377 silly fetch manifest object-inspect@^1.13.3
378 silly packumentCache full:https://registry.npmjs.org/object-inspect cache-miss
379 silly fetch manifest side-channel-list@^1.0.0
380 silly packumentCache full:https://registry.npmjs.org/side-channel-list cache-miss
381 silly fetch manifest side-channel-map@^1.0.1
382 silly packumentCache full:https://registry.npmjs.org/side-channel-map cache-miss
383 silly fetch manifest side-channel-weakmap@^1.0.2
384 silly packumentCache full:https://registry.npmjs.org/side-channel-weakmap cache-miss
385 http fetch GET 200 https://registry.npmjs.org/object-inspect 51ms (cache miss)
386 silly packumentCache full:https://registry.npmjs.org/object-inspect set size:undefined disposed:false
387 http fetch GET 200 https://registry.npmjs.org/side-channel-list 62ms (cache miss)
388 silly packumentCache full:https://registry.npmjs.org/side-channel-list set size:undefined disposed:false
389 http fetch GET 200 https://registry.npmjs.org/es-errors 64ms (cache miss)
390 silly packumentCache full:https://registry.npmjs.org/es-errors set size:undefined disposed:false
391 http fetch GET 200 https://registry.npmjs.org/side-channel-weakmap 78ms (cache miss)
392 silly packumentCache full:https://registry.npmjs.org/side-channel-weakmap set size:undefined disposed:false
393 http fetch GET 200 https://registry.npmjs.org/side-channel-map 88ms (cache miss)
394 silly packumentCache full:https://registry.npmjs.org/side-channel-map set size:undefined disposed:false
395 silly placeDep node_modules/send encodeurl@1.0.2 OK for: send@0.19.0 want: ~1.0.2
396 silly placeDep ROOT mime@1.6.0 OK for: send@0.19.0 want: 1.6.0
397 silly placeDep node_modules/send ms@2.1.3 OK for: send@0.19.0 want: 2.1.3
398 silly placeDep ROOT es-errors@1.3.0 OK for: side-channel@1.1.0 want: ^1.3.0
399 silly placeDep ROOT object-inspect@1.13.3 OK for: side-channel@1.1.0 want: ^1.13.3
400 silly placeDep ROOT side-channel-list@1.0.0 OK for: side-channel@1.1.0 want: ^1.0.0
401 silly placeDep ROOT side-channel-map@1.0.1 OK for: side-channel@1.1.0 want: ^1.0.1
402 silly placeDep ROOT side-channel-weakmap@1.0.2 OK for: side-channel@1.1.0 want: ^1.0.2
403 silly fetch manifest call-bound@^1.0.2
404 silly packumentCache full:https://registry.npmjs.org/call-bound cache-miss
405 silly fetch manifest get-intrinsic@^1.2.5
406 silly packumentCache full:https://registry.npmjs.org/get-intrinsic cache-miss
407 silly fetch manifest call-bound@^1.0.2
408 silly packumentCache full:https://registry.npmjs.org/call-bound cache-miss
409 silly fetch manifest get-intrinsic@^1.2.5
410 silly packumentCache full:https://registry.npmjs.org/get-intrinsic cache-miss
411 http fetch GET 200 https://registry.npmjs.org/get-intrinsic 42ms (cache miss)
412 silly packumentCache full:https://registry.npmjs.org/get-intrinsic set size:undefined disposed:false
413 http fetch GET 200 https://registry.npmjs.org/get-intrinsic 60ms (cache miss)
414 silly packumentCache full:https://registry.npmjs.org/get-intrinsic set size:undefined disposed:false
415 http fetch GET 200 https://registry.npmjs.org/call-bound 76ms (cache miss)
416 silly packumentCache full:https://registry.npmjs.org/call-bound set size:undefined disposed:false
417 http fetch GET 200 https://registry.npmjs.org/call-bound 110ms (cache miss)
418 silly packumentCache full:https://registry.npmjs.org/call-bound set size:undefined disposed:false
419 silly placeDep ROOT call-bound@1.0.3 OK for: side-channel-map@1.0.1 want: ^1.0.2
420 silly placeDep ROOT get-intrinsic@1.2.6 OK for: side-channel-map@1.0.1 want: ^1.2.5
421 silly fetch manifest call-bind-apply-helpers@^1.0.1
422 silly packumentCache full:https://registry.npmjs.org/call-bind-apply-helpers cache-miss
423 silly fetch manifest get-intrinsic@^1.2.6
424 silly packumentCache full:https://registry.npmjs.org/get-intrinsic cache-miss
425 silly fetch manifest call-bind-apply-helpers@^1.0.1
426 silly packumentCache full:https://registry.npmjs.org/call-bind-apply-helpers cache-miss
427 silly fetch manifest dunder-proto@^1.0.0
428 silly packumentCache full:https://registry.npmjs.org/dunder-proto cache-miss
429 silly fetch manifest es-define-property@^1.0.1
430 silly packumentCache full:https://registry.npmjs.org/es-define-property cache-miss
431 silly fetch manifest es-object-atoms@^1.0.0
432 silly packumentCache full:https://registry.npmjs.org/es-object-atoms cache-miss
433 silly fetch manifest function-bind@^1.1.2
434 silly packumentCache full:https://registry.npmjs.org/function-bind cache-miss
435 silly fetch manifest gopd@^1.2.0
436 silly packumentCache full:https://registry.npmjs.org/gopd cache-miss
437 silly fetch manifest has-symbols@^1.1.0
438 silly packumentCache full:https://registry.npmjs.org/has-symbols cache-miss
439 silly fetch manifest hasown@^2.0.2
440 silly packumentCache full:https://registry.npmjs.org/hasown cache-miss
441 silly fetch manifest math-intrinsics@^1.0.0
442 silly packumentCache full:https://registry.npmjs.org/math-intrinsics cache-miss
443 http cache https://registry.npmjs.org/get-intrinsic 15ms (cache hit)
444 silly packumentCache full:https://registry.npmjs.org/get-intrinsic set size:51279 disposed:false
445 http fetch GET 200 https://registry.npmjs.org/call-bind-apply-helpers 50ms (cache miss)
446 silly packumentCache full:https://registry.npmjs.org/call-bind-apply-helpers set size:undefined disposed:false
447 http fetch GET 200 https://registry.npmjs.org/has-symbols 60ms (cache miss)
448 silly packumentCache full:https://registry.npmjs.org/has-symbols set size:undefined disposed:false
449 http fetch GET 200 https://registry.npmjs.org/es-define-property 69ms (cache miss)
450 silly packumentCache full:https://registry.npmjs.org/es-define-property set size:undefined disposed:false
451 http fetch GET 200 https://registry.npmjs.org/function-bind 78ms (cache miss)
452 silly packumentCache full:https://registry.npmjs.org/function-bind set size:undefined disposed:false
453 http fetch GET 200 https://registry.npmjs.org/es-object-atoms 81ms (cache miss)
454 silly packumentCache full:https://registry.npmjs.org/es-object-atoms set size:undefined disposed:false
455 http fetch GET 200 https://registry.npmjs.org/call-bind-apply-helpers 83ms (cache miss)
456 silly packumentCache full:https://registry.npmjs.org/call-bind-apply-helpers set size:undefined disposed:false
457 http fetch GET 200 https://registry.npmjs.org/math-intrinsics 82ms (cache miss)
458 silly packumentCache full:https://registry.npmjs.org/math-intrinsics set size:undefined disposed:false
459 http fetch GET 200 https://registry.npmjs.org/hasown 130ms (cache miss)
460 silly packumentCache full:https://registry.npmjs.org/hasown set size:undefined disposed:false
461 http fetch GET 200 https://registry.npmjs.org/gopd 132ms (cache miss)
462 silly packumentCache full:https://registry.npmjs.org/gopd set size:undefined disposed:false
463 http fetch GET 200 https://registry.npmjs.org/dunder-proto 162ms (cache miss)
464 silly packumentCache full:https://registry.npmjs.org/dunder-proto set size:undefined disposed:false
465 silly placeDep ROOT call-bind-apply-helpers@1.0.1 OK for: call-bound@1.0.3 want: ^1.0.1
466 silly placeDep ROOT function-bind@1.1.2 OK for: call-bind-apply-helpers@1.0.1 want: ^1.1.2
467 silly placeDep ROOT dunder-proto@1.0.1 OK for: get-intrinsic@1.2.6 want: ^1.0.0
468 silly placeDep ROOT es-define-property@1.0.1 OK for: get-intrinsic@1.2.6 want: ^1.0.1
469 silly placeDep ROOT es-object-atoms@1.0.0 OK for: get-intrinsic@1.2.6 want: ^1.0.0
470 silly placeDep ROOT gopd@1.2.0 OK for: get-intrinsic@1.2.6 want: ^1.2.0
471 silly placeDep ROOT has-symbols@1.1.0 OK for: get-intrinsic@1.2.6 want: ^1.1.0
472 silly placeDep ROOT hasown@2.0.2 OK for: get-intrinsic@1.2.6 want: ^2.0.2
473 silly placeDep ROOT math-intrinsics@1.1.0 OK for: get-intrinsic@1.2.6 want: ^1.0.0
474 silly placeDep ROOT media-typer@0.3.0 OK for: type-is@1.6.18 want: 0.3.0
475 silly reify moves {}
476 silly audit bulk request {
476 silly audit   express: [ '4.21.2' ],
476 silly audit   morgan: [ '1.10.0' ],
476 silly audit   mysql2: [ '3.11.5' ],
476 silly audit   accepts: [ '1.3.8' ],
476 silly audit   'array-flatten': [ '1.1.1' ],
476 silly audit   'body-parser': [ '1.20.3' ],
476 silly audit   'content-disposition': [ '0.5.4' ],
476 silly audit   'content-type': [ '1.0.5' ],
476 silly audit   cookie: [ '0.7.1' ],
476 silly audit   'cookie-signature': [ '1.0.6' ],
476 silly audit   debug: [ '2.6.9' ],
476 silly audit   depd: [ '2.0.0' ],
476 silly audit   encodeurl: [ '2.0.0', '1.0.2' ],
476 silly audit   'escape-html': [ '1.0.3' ],
476 silly audit   etag: [ '1.8.1' ],
476 silly audit   finalhandler: [ '1.3.1' ],
476 silly audit   fresh: [ '0.5.2' ],
476 silly audit   'http-errors': [ '2.0.0' ],
476 silly audit   'merge-descriptors': [ '1.0.3' ],
476 silly audit   methods: [ '1.1.2' ],
476 silly audit   'on-finished': [ '2.4.1', '2.3.0' ],
476 silly audit   parseurl: [ '1.3.3' ],
476 silly audit   'path-to-regexp': [ '0.1.12' ],
476 silly audit   'proxy-addr': [ '2.0.7' ],
476 silly audit   qs: [ '6.13.0' ],
476 silly audit   'range-parser': [ '1.2.1' ],
476 silly audit   'safe-buffer': [ '5.2.1', '5.1.2' ],
476 silly audit   send: [ '0.19.0' ],
476 silly audit   'serve-static': [ '1.16.2' ],
476 silly audit   setprototypeof: [ '1.2.0' ],
476 silly audit   statuses: [ '2.0.1' ],
476 silly audit   'type-is': [ '1.6.18' ],
476 silly audit   'utils-merge': [ '1.0.1' ],
476 silly audit   vary: [ '1.1.2' ],
476 silly audit   'mime-types': [ '2.1.35' ],
476 silly audit   negotiator: [ '0.6.3' ],
476 silly audit   bytes: [ '3.1.2' ],
476 silly audit   destroy: [ '1.2.0' ],
476 silly audit   'iconv-lite': [ '0.4.24', '0.6.3' ],
476 silly audit   'raw-body': [ '2.5.2' ],
476 silly audit   unpipe: [ '1.0.0' ],
476 silly audit   ms: [ '2.0.0', '2.1.3' ],
476 silly audit   inherits: [ '2.0.4' ],
476 silly audit   toidentifier: [ '1.0.1' ],
476 silly audit   'safer-buffer': [ '2.1.2' ],
476 silly audit   'mime-db': [ '1.52.0' ],
476 silly audit   'basic-auth': [ '2.0.1' ],
476 silly audit   'on-headers': [ '1.0.2' ],
476 silly audit   'aws-ssl-profiles': [ '1.1.2' ],
476 silly audit   denque: [ '2.1.0' ],
476 silly audit   'generate-function': [ '2.3.1' ],
476 silly audit   long: [ '5.2.3' ],
476 silly audit   'lru.min': [ '1.1.1' ],
476 silly audit   'named-placeholders': [ '1.1.3' ],
476 silly audit   'seq-queue': [ '0.0.5' ],
476 silly audit   sqlstring: [ '2.3.3' ],
476 silly audit   'is-property': [ '1.0.2' ],
476 silly audit   'lru-cache': [ '7.18.3' ],
476 silly audit   'ee-first': [ '1.1.1' ],
476 silly audit   forwarded: [ '0.2.0' ],
476 silly audit   'ipaddr.js': [ '1.9.1' ],
476 silly audit   'side-channel': [ '1.1.0' ],
476 silly audit   mime: [ '1.6.0' ],
476 silly audit   'es-errors': [ '1.3.0' ],
476 silly audit   'object-inspect': [ '1.13.3' ],
476 silly audit   'side-channel-list': [ '1.0.0' ],
476 silly audit   'side-channel-map': [ '1.0.1' ],
476 silly audit   'side-channel-weakmap': [ '1.0.2' ],
476 silly audit   'call-bound': [ '1.0.3' ],
476 silly audit   'get-intrinsic': [ '1.2.6' ],
476 silly audit   'call-bind-apply-helpers': [ '1.0.1' ],
476 silly audit   'function-bind': [ '1.1.2' ],
476 silly audit   'dunder-proto': [ '1.0.1' ],
476 silly audit   'es-define-property': [ '1.0.1' ],
476 silly audit   'es-object-atoms': [ '1.0.0' ],
476 silly audit   gopd: [ '1.2.0' ],
476 silly audit   'has-symbols': [ '1.1.0' ],
476 silly audit   hasown: [ '2.0.2' ],
476 silly audit   'math-intrinsics': [ '1.1.0' ],
476 silly audit   'media-typer': [ '0.3.0' ]
476 silly audit }
477 http cache media-typer@https://registry.npmjs.org/media-typer/-/media-typer-0.3.0.tgz 0ms (cache hit)
478 http cache has-symbols@https://registry.npmjs.org/has-symbols/-/has-symbols-1.1.0.tgz 0ms (cache hit)
479 http cache math-intrinsics@https://registry.npmjs.org/math-intrinsics/-/math-intrinsics-1.1.0.tgz 0ms (cache hit)
480 http cache hasown@https://registry.npmjs.org/hasown/-/hasown-2.0.2.tgz 0ms (cache hit)
481 http cache gopd@https://registry.npmjs.org/gopd/-/gopd-1.2.0.tgz 0ms (cache hit)
482 http cache es-object-atoms@https://registry.npmjs.org/es-object-atoms/-/es-object-atoms-1.0.0.tgz 0ms (cache hit)
483 http cache dunder-proto@https://registry.npmjs.org/dunder-proto/-/dunder-proto-1.0.1.tgz 0ms (cache hit)
484 http cache function-bind@https://registry.npmjs.org/function-bind/-/function-bind-1.1.2.tgz 0ms (cache hit)
485 http cache call-bind-apply-helpers@https://registry.npmjs.org/call-bind-apply-helpers/-/call-bind-apply-helpers-1.0.1.tgz 0ms (cache hit)
486 http cache es-define-property@https://registry.npmjs.org/es-define-property/-/es-define-property-1.0.1.tgz 0ms (cache hit)
487 http cache call-bound@https://registry.npmjs.org/call-bound/-/call-bound-1.0.3.tgz 0ms (cache hit)
488 http cache get-intrinsic@https://registry.npmjs.org/get-intrinsic/-/get-intrinsic-1.2.6.tgz 0ms (cache hit)
489 http cache side-channel-weakmap@https://registry.npmjs.org/side-channel-weakmap/-/side-channel-weakmap-1.0.2.tgz 0ms (cache hit)
490 http cache side-channel-map@https://registry.npmjs.org/side-channel-map/-/side-channel-map-1.0.1.tgz 0ms (cache hit)
491 http cache side-channel-list@https://registry.npmjs.org/side-channel-list/-/side-channel-list-1.0.0.tgz 0ms (cache hit)
492 http cache object-inspect@https://registry.npmjs.org/object-inspect/-/object-inspect-1.13.3.tgz 0ms (cache hit)
493 http cache es-errors@https://registry.npmjs.org/es-errors/-/es-errors-1.3.0.tgz 0ms (cache hit)
494 http cache side-channel@https://registry.npmjs.org/side-channel/-/side-channel-1.1.0.tgz 0ms (cache hit)
495 http cache forwarded@https://registry.npmjs.org/forwarded/-/forwarded-0.2.0.tgz 0ms (cache hit)
496 http cache mime@https://registry.npmjs.org/mime/-/mime-1.6.0.tgz 0ms (cache hit)
497 http cache ipaddr.js@https://registry.npmjs.org/ipaddr.js/-/ipaddr.js-1.9.1.tgz 0ms (cache hit)
498 http cache ee-first@https://registry.npmjs.org/ee-first/-/ee-first-1.1.1.tgz 0ms (cache hit)
499 http cache lru-cache@https://registry.npmjs.org/lru-cache/-/lru-cache-7.18.3.tgz 0ms (cache hit)
500 http cache seq-queue@https://registry.npmjs.org/seq-queue/-/seq-queue-0.0.5.tgz 0ms (cache hit)
501 http cache is-property@https://registry.npmjs.org/is-property/-/is-property-1.0.2.tgz 0ms (cache hit)
502 http cache named-placeholders@https://registry.npmjs.org/named-placeholders/-/named-placeholders-1.1.3.tgz 0ms (cache hit)
503 http cache sqlstring@https://registry.npmjs.org/sqlstring/-/sqlstring-2.3.3.tgz 0ms (cache hit)
504 http cache lru.min@https://registry.npmjs.org/lru.min/-/lru.min-1.1.1.tgz 0ms (cache hit)
505 http cache generate-function@https://registry.npmjs.org/generate-function/-/generate-function-2.3.1.tgz 0ms (cache hit)
506 http cache aws-ssl-profiles@https://registry.npmjs.org/aws-ssl-profiles/-/aws-ssl-profiles-1.1.2.tgz 0ms (cache hit)
507 http cache long@https://registry.npmjs.org/long/-/long-5.2.3.tgz 0ms (cache hit)
508 http cache denque@https://registry.npmjs.org/denque/-/denque-2.1.0.tgz 0ms (cache hit)
509 http cache on-headers@https://registry.npmjs.org/on-headers/-/on-headers-1.0.2.tgz 0ms (cache hit)
510 http cache basic-auth@https://registry.npmjs.org/basic-auth/-/basic-auth-2.0.1.tgz 0ms (cache hit)
511 http cache mime-db@https://registry.npmjs.org/mime-db/-/mime-db-1.52.0.tgz 0ms (cache hit)
512 http cache toidentifier@https://registry.npmjs.org/toidentifier/-/toidentifier-1.0.1.tgz 0ms (cache hit)
513 http cache safer-buffer@https://registry.npmjs.org/safer-buffer/-/safer-buffer-2.1.2.tgz 0ms (cache hit)
514 http cache inherits@https://registry.npmjs.org/inherits/-/inherits-2.0.4.tgz 0ms (cache hit)
515 http cache ms@https://registry.npmjs.org/ms/-/ms-2.0.0.tgz 0ms (cache hit)
516 http cache unpipe@https://registry.npmjs.org/unpipe/-/unpipe-1.0.0.tgz 0ms (cache hit)
517 http cache raw-body@https://registry.npmjs.org/raw-body/-/raw-body-2.5.2.tgz 0ms (cache hit)
518 http cache iconv-lite@https://registry.npmjs.org/iconv-lite/-/iconv-lite-0.4.24.tgz 0ms (cache hit)
519 http cache bytes@https://registry.npmjs.org/bytes/-/bytes-3.1.2.tgz 0ms (cache hit)
520 http cache destroy@https://registry.npmjs.org/destroy/-/destroy-1.2.0.tgz 0ms (cache hit)
521 http cache negotiator@https://registry.npmjs.org/negotiator/-/negotiator-0.6.3.tgz 0ms (cache hit)
522 http cache vary@https://registry.npmjs.org/vary/-/vary-1.1.2.tgz 0ms (cache hit)
523 http cache mime-types@https://registry.npmjs.org/mime-types/-/mime-types-2.1.35.tgz 0ms (cache hit)
524 http cache type-is@https://registry.npmjs.org/type-is/-/type-is-1.6.18.tgz 0ms (cache hit)
525 http cache statuses@https://registry.npmjs.org/statuses/-/statuses-2.0.1.tgz 0ms (cache hit)
526 http cache utils-merge@https://registry.npmjs.org/utils-merge/-/utils-merge-1.0.1.tgz 0ms (cache hit)
527 http cache setprototypeof@https://registry.npmjs.org/setprototypeof/-/setprototypeof-1.2.0.tgz 0ms (cache hit)
528 http cache send@https://registry.npmjs.org/send/-/send-0.19.0.tgz 0ms (cache hit)
529 http cache serve-static@https://registry.npmjs.org/serve-static/-/serve-static-1.16.2.tgz 0ms (cache hit)
530 http cache range-parser@https://registry.npmjs.org/range-parser/-/range-parser-1.2.1.tgz 0ms (cache hit)
531 http cache safe-buffer@https://registry.npmjs.org/safe-buffer/-/safe-buffer-5.2.1.tgz 0ms (cache hit)
532 http cache qs@https://registry.npmjs.org/qs/-/qs-6.13.0.tgz 0ms (cache hit)
533 http cache proxy-addr@https://registry.npmjs.org/proxy-addr/-/proxy-addr-2.0.7.tgz 0ms (cache hit)
534 http cache path-to-regexp@https://registry.npmjs.org/path-to-regexp/-/path-to-regexp-0.1.12.tgz 0ms (cache hit)
535 http cache parseurl@https://registry.npmjs.org/parseurl/-/parseurl-1.3.3.tgz 0ms (cache hit)
536 http cache methods@https://registry.npmjs.org/methods/-/methods-1.1.2.tgz 0ms (cache hit)
537 http cache on-finished@https://registry.npmjs.org/on-finished/-/on-finished-2.4.1.tgz 0ms (cache hit)
538 http cache merge-descriptors@https://registry.npmjs.org/merge-descriptors/-/merge-descriptors-1.0.3.tgz 0ms (cache hit)
539 http cache http-errors@https://registry.npmjs.org/http-errors/-/http-errors-2.0.0.tgz 0ms (cache hit)
540 http cache etag@https://registry.npmjs.org/etag/-/etag-1.8.1.tgz 0ms (cache hit)
541 http cache fresh@https://registry.npmjs.org/fresh/-/fresh-0.5.2.tgz 0ms (cache hit)
542 http cache finalhandler@https://registry.npmjs.org/finalhandler/-/finalhandler-1.3.1.tgz 0ms (cache hit)
543 http cache encodeurl@https://registry.npmjs.org/encodeurl/-/encodeurl-2.0.0.tgz 0ms (cache hit)
544 http cache depd@https://registry.npmjs.org/depd/-/depd-2.0.0.tgz 0ms (cache hit)
545 http cache debug@https://registry.npmjs.org/debug/-/debug-2.6.9.tgz 0ms (cache hit)
546 http cache cookie@https://registry.npmjs.org/cookie/-/cookie-0.7.1.tgz 0ms (cache hit)
547 http cache escape-html@https://registry.npmjs.org/escape-html/-/escape-html-1.0.3.tgz 0ms (cache hit)
548 http cache cookie-signature@https://registry.npmjs.org/cookie-signature/-/cookie-signature-1.0.6.tgz 0ms (cache hit)
549 http cache content-type@https://registry.npmjs.org/content-type/-/content-type-1.0.5.tgz 0ms (cache hit)
550 http cache content-disposition@https://registry.npmjs.org/content-disposition/-/content-disposition-0.5.4.tgz 0ms (cache hit)
551 http cache array-flatten@https://registry.npmjs.org/array-flatten/-/array-flatten-1.1.1.tgz 0ms (cache hit)
552 http cache mysql2@https://registry.npmjs.org/mysql2/-/mysql2-3.11.5.tgz 0ms (cache hit)
553 http cache accepts@https://registry.npmjs.org/accepts/-/accepts-1.3.8.tgz 0ms (cache hit)
554 http cache express@https://registry.npmjs.org/express/-/express-4.21.2.tgz 0ms (cache hit)
555 http cache body-parser@https://registry.npmjs.org/body-parser/-/body-parser-1.20.3.tgz 0ms (cache hit)
556 http cache morgan@https://registry.npmjs.org/morgan/-/morgan-1.10.0.tgz 0ms (cache hit)
557 http cache ms@https://registry.npmjs.org/ms/-/ms-2.1.3.tgz 0ms (cache hit)
558 http cache safe-buffer@https://registry.npmjs.org/safe-buffer/-/safe-buffer-5.1.2.tgz 0ms (cache hit)
559 http cache iconv-lite@https://registry.npmjs.org/iconv-lite/-/iconv-lite-0.6.3.tgz 0ms (cache hit)
560 http cache on-finished@https://registry.npmjs.org/on-finished/-/on-finished-2.3.0.tgz 0ms (cache hit)
561 http cache encodeurl@https://registry.npmjs.org/encodeurl/-/encodeurl-1.0.2.tgz 0ms (cache hit)
562 silly tarball no local data for media-typer@https://registry.npmjs.org/media-typer/-/media-typer-0.3.0.tgz. Extracting by manifest.
563 silly tarball no local data for has-symbols@https://registry.npmjs.org/has-symbols/-/has-symbols-1.1.0.tgz. Extracting by manifest.
564 silly tarball no local data for math-intrinsics@https://registry.npmjs.org/math-intrinsics/-/math-intrinsics-1.1.0.tgz. Extracting by manifest.
565 silly tarball no local data for hasown@https://registry.npmjs.org/hasown/-/hasown-2.0.2.tgz. Extracting by manifest.
566 silly tarball no local data for gopd@https://registry.npmjs.org/gopd/-/gopd-1.2.0.tgz. Extracting by manifest.
567 silly tarball no local data for es-object-atoms@https://registry.npmjs.org/es-object-atoms/-/es-object-atoms-1.0.0.tgz. Extracting by manifest.
568 silly tarball no local data for dunder-proto@https://registry.npmjs.org/dunder-proto/-/dunder-proto-1.0.1.tgz. Extracting by manifest.
569 silly tarball no local data for function-bind@https://registry.npmjs.org/function-bind/-/function-bind-1.1.2.tgz. Extracting by manifest.
570 silly tarball no local data for call-bind-apply-helpers@https://registry.npmjs.org/call-bind-apply-helpers/-/call-bind-apply-helpers-1.0.1.tgz. Extracting by manifest.
571 silly tarball no local data for es-define-property@https://registry.npmjs.org/es-define-property/-/es-define-property-1.0.1.tgz. Extracting by manifest.
572 silly tarball no local data for call-bound@https://registry.npmjs.org/call-bound/-/call-bound-1.0.3.tgz. Extracting by manifest.
573 silly tarball no local data for get-intrinsic@https://registry.npmjs.org/get-intrinsic/-/get-intrinsic-1.2.6.tgz. Extracting by manifest.
574 silly tarball no local data for side-channel-weakmap@https://registry.npmjs.org/side-channel-weakmap/-/side-channel-weakmap-1.0.2.tgz. Extracting by manifest.
575 silly tarball no local data for side-channel-map@https://registry.npmjs.org/side-channel-map/-/side-channel-map-1.0.1.tgz. Extracting by manifest.
576 silly tarball no local data for side-channel-list@https://registry.npmjs.org/side-channel-list/-/side-channel-list-1.0.0.tgz. Extracting by manifest.
577 silly tarball no local data for object-inspect@https://registry.npmjs.org/object-inspect/-/object-inspect-1.13.3.tgz. Extracting by manifest.
578 silly tarball no local data for es-errors@https://registry.npmjs.org/es-errors/-/es-errors-1.3.0.tgz. Extracting by manifest.
579 silly tarball no local data for side-channel@https://registry.npmjs.org/side-channel/-/side-channel-1.1.0.tgz. Extracting by manifest.
580 silly tarball no local data for forwarded@https://registry.npmjs.org/forwarded/-/forwarded-0.2.0.tgz. Extracting by manifest.
581 silly tarball no local data for mime@https://registry.npmjs.org/mime/-/mime-1.6.0.tgz. Extracting by manifest.
582 silly tarball no local data for ipaddr.js@https://registry.npmjs.org/ipaddr.js/-/ipaddr.js-1.9.1.tgz. Extracting by manifest.
583 silly tarball no local data for ee-first@https://registry.npmjs.org/ee-first/-/ee-first-1.1.1.tgz. Extracting by manifest.
584 silly tarball no local data for lru-cache@https://registry.npmjs.org/lru-cache/-/lru-cache-7.18.3.tgz. Extracting by manifest.
585 silly tarball no local data for seq-queue@https://registry.npmjs.org/seq-queue/-/seq-queue-0.0.5.tgz. Extracting by manifest.
586 silly tarball no local data for is-property@https://registry.npmjs.org/is-property/-/is-property-1.0.2.tgz. Extracting by manifest.
587 silly tarball no local data for named-placeholders@https://registry.npmjs.org/named-placeholders/-/named-placeholders-1.1.3.tgz. Extracting by manifest.
588 silly tarball no local data for sqlstring@https://registry.npmjs.org/sqlstring/-/sqlstring-2.3.3.tgz. Extracting by manifest.
589 silly tarball no local data for lru.min@https://registry.npmjs.org/lru.min/-/lru.min-1.1.1.tgz. Extracting by manifest.
590 silly tarball no local data for generate-function@https://registry.npmjs.org/generate-function/-/generate-function-2.3.1.tgz. Extracting by manifest.
591 silly tarball no local data for aws-ssl-profiles@https://registry.npmjs.org/aws-ssl-profiles/-/aws-ssl-profiles-1.1.2.tgz. Extracting by manifest.
592 silly tarball no local data for long@https://registry.npmjs.org/long/-/long-5.2.3.tgz. Extracting by manifest.
593 silly tarball no local data for denque@https://registry.npmjs.org/denque/-/denque-2.1.0.tgz. Extracting by manifest.
594 silly tarball no local data for on-headers@https://registry.npmjs.org/on-headers/-/on-headers-1.0.2.tgz. Extracting by manifest.
595 silly tarball no local data for basic-auth@https://registry.npmjs.org/basic-auth/-/basic-auth-2.0.1.tgz. Extracting by manifest.
596 silly tarball no local data for mime-db@https://registry.npmjs.org/mime-db/-/mime-db-1.52.0.tgz. Extracting by manifest.
597 silly tarball no local data for toidentifier@https://registry.npmjs.org/toidentifier/-/toidentifier-1.0.1.tgz. Extracting by manifest.
598 silly tarball no local data for safer-buffer@https://registry.npmjs.org/safer-buffer/-/safer-buffer-2.1.2.tgz. Extracting by manifest.
599 silly tarball no local data for inherits@https://registry.npmjs.org/inherits/-/inherits-2.0.4.tgz. Extracting by manifest.
600 silly tarball no local data for ms@https://registry.npmjs.org/ms/-/ms-2.0.0.tgz. Extracting by manifest.
601 silly tarball no local data for unpipe@https://registry.npmjs.org/unpipe/-/unpipe-1.0.0.tgz. Extracting by manifest.
602 silly tarball no local data for raw-body@https://registry.npmjs.org/raw-body/-/raw-body-2.5.2.tgz. Extracting by manifest.
603 silly tarball no local data for iconv-lite@https://registry.npmjs.org/iconv-lite/-/iconv-lite-0.4.24.tgz. Extracting by manifest.
604 silly tarball no local data for bytes@https://registry.npmjs.org/bytes/-/bytes-3.1.2.tgz. Extracting by manifest.
605 silly tarball no local data for destroy@https://registry.npmjs.org/destroy/-/destroy-1.2.0.tgz. Extracting by manifest.
606 silly tarball no local data for negotiator@https://registry.npmjs.org/negotiator/-/negotiator-0.6.3.tgz. Extracting by manifest.
607 silly tarball no local data for vary@https://registry.npmjs.org/vary/-/vary-1.1.2.tgz. Extracting by manifest.
608 silly tarball no local data for mime-types@https://registry.npmjs.org/mime-types/-/mime-types-2.1.35.tgz. Extracting by manifest.
609 silly tarball no local data for type-is@https://registry.npmjs.org/type-is/-/type-is-1.6.18.tgz. Extracting by manifest.
610 silly tarball no local data for statuses@https://registry.npmjs.org/statuses/-/statuses-2.0.1.tgz. Extracting by manifest.
611 silly tarball no local data for utils-merge@https://registry.npmjs.org/utils-merge/-/utils-merge-1.0.1.tgz. Extracting by manifest.
612 silly tarball no local data for setprototypeof@https://registry.npmjs.org/setprototypeof/-/setprototypeof-1.2.0.tgz. Extracting by manifest.
613 silly tarball no local data for send@https://registry.npmjs.org/send/-/send-0.19.0.tgz. Extracting by manifest.
614 silly tarball no local data for serve-static@https://registry.npmjs.org/serve-static/-/serve-static-1.16.2.tgz. Extracting by manifest.
615 silly tarball no local data for range-parser@https://registry.npmjs.org/range-parser/-/range-parser-1.2.1.tgz. Extracting by manifest.
616 silly tarball no local data for safe-buffer@https://registry.npmjs.org/safe-buffer/-/safe-buffer-5.2.1.tgz. Extracting by manifest.
617 silly tarball no local data for qs@https://registry.npmjs.org/qs/-/qs-6.13.0.tgz. Extracting by manifest.
618 silly tarball no local data for proxy-addr@https://registry.npmjs.org/proxy-addr/-/proxy-addr-2.0.7.tgz. Extracting by manifest.
619 silly tarball no local data for path-to-regexp@https://registry.npmjs.org/path-to-regexp/-/path-to-regexp-0.1.12.tgz. Extracting by manifest.
620 silly tarball no local data for parseurl@https://registry.npmjs.org/parseurl/-/parseurl-1.3.3.tgz. Extracting by manifest.
621 silly tarball no local data for methods@https://registry.npmjs.org/methods/-/methods-1.1.2.tgz. Extracting by manifest.
622 silly tarball no local data for on-finished@https://registry.npmjs.org/on-finished/-/on-finished-2.4.1.tgz. Extracting by manifest.
623 silly tarball no local data for merge-descriptors@https://registry.npmjs.org/merge-descriptors/-/merge-descriptors-1.0.3.tgz. Extracting by manifest.
624 silly tarball no local data for http-errors@https://registry.npmjs.org/http-errors/-/http-errors-2.0.0.tgz. Extracting by manifest.
625 silly tarball no local data for etag@https://registry.npmjs.org/etag/-/etag-1.8.1.tgz. Extracting by manifest.
626 silly tarball no local data for fresh@https://registry.npmjs.org/fresh/-/fresh-0.5.2.tgz. Extracting by manifest.
627 silly tarball no local data for finalhandler@https://registry.npmjs.org/finalhandler/-/finalhandler-1.3.1.tgz. Extracting by manifest.
628 silly tarball no local data for encodeurl@https://registry.npmjs.org/encodeurl/-/encodeurl-2.0.0.tgz. Extracting by manifest.
629 silly tarball no local data for depd@https://registry.npmjs.org/depd/-/depd-2.0.0.tgz. Extracting by manifest.
630 silly tarball no local data for debug@https://registry.npmjs.org/debug/-/debug-2.6.9.tgz. Extracting by manifest.
631 silly tarball no local data for cookie@https://registry.npmjs.org/cookie/-/cookie-0.7.1.tgz. Extracting by manifest.
632 silly tarball no local data for escape-html@https://registry.npmjs.org/escape-html/-/escape-html-1.0.3.tgz. Extracting by manifest.
633 silly tarball no local data for cookie-signature@https://registry.npmjs.org/cookie-signature/-/cookie-signature-1.0.6.tgz. Extracting by manifest.
634 silly tarball no local data for content-type@https://registry.npmjs.org/content-type/-/content-type-1.0.5.tgz. Extracting by manifest.
635 silly tarball no local data for content-disposition@https://registry.npmjs.org/content-disposition/-/content-disposition-0.5.4.tgz. Extracting by manifest.
636 silly tarball no local data for array-flatten@https://registry.npmjs.org/array-flatten/-/array-flatten-1.1.1.tgz. Extracting by manifest.
637 silly tarball no local data for mysql2@https://registry.npmjs.org/mysql2/-/mysql2-3.11.5.tgz. Extracting by manifest.
638 silly tarball no local data for accepts@https://registry.npmjs.org/accepts/-/accepts-1.3.8.tgz. Extracting by manifest.
639 silly tarball no local data for express@https://registry.npmjs.org/express/-/express-4.21.2.tgz. Extracting by manifest.
640 silly tarball no local data for body-parser@https://registry.npmjs.org/body-parser/-/body-parser-1.20.3.tgz. Extracting by manifest.
641 silly tarball no local data for morgan@https://registry.npmjs.org/morgan/-/morgan-1.10.0.tgz. Extracting by manifest.
642 silly tarball no local data for ms@https://registry.npmjs.org/ms/-/ms-2.1.3.tgz. Extracting by manifest.
643 silly tarball no local data for safe-buffer@https://registry.npmjs.org/safe-buffer/-/safe-buffer-5.1.2.tgz. Extracting by manifest.
644 silly tarball no local data for iconv-lite@https://registry.npmjs.org/iconv-lite/-/iconv-lite-0.6.3.tgz. Extracting by manifest.
645 silly tarball no local data for on-finished@https://registry.npmjs.org/on-finished/-/on-finished-2.3.0.tgz. Extracting by manifest.
646 silly tarball no local data for encodeurl@https://registry.npmjs.org/encodeurl/-/encodeurl-1.0.2.tgz. Extracting by manifest.
647 http fetch GET 200 https://registry.npmjs.org/media-typer/-/media-typer-0.3.0.tgz 198ms (cache miss)
648 http fetch GET 200 https://registry.npmjs.org/es-define-property/-/es-define-property-1.0.1.tgz 212ms (cache miss)
649 http fetch GET 200 https://registry.npmjs.org/side-channel-list/-/side-channel-list-1.0.0.tgz 219ms (cache miss)
650 http fetch GET 200 https://registry.npmjs.org/function-bind/-/function-bind-1.1.2.tgz 224ms (cache miss)
651 http fetch GET 200 https://registry.npmjs.org/es-errors/-/es-errors-1.3.0.tgz 249ms (cache miss)
652 http fetch GET 200 https://registry.npmjs.org/ipaddr.js/-/ipaddr.js-1.9.1.tgz 287ms (cache miss)
653 http fetch POST 200 https://registry.npmjs.org/-/npm/v1/security/advisories/bulk 321ms
654 silly audit report {}
655 http fetch GET 200 https://registry.npmjs.org/named-placeholders/-/named-placeholders-1.1.3.tgz 344ms (cache miss)
656 http fetch GET 200 https://registry.npmjs.org/forwarded/-/forwarded-0.2.0.tgz 354ms (cache miss)
657 http fetch GET 200 https://registry.npmjs.org/generate-function/-/generate-function-2.3.1.tgz 370ms (cache miss)
658 http fetch GET 200 https://registry.npmjs.org/ee-first/-/ee-first-1.1.1.tgz 377ms (cache miss)
659 http fetch GET 200 https://registry.npmjs.org/toidentifier/-/toidentifier-1.0.1.tgz 431ms (cache miss)
660 http fetch GET 200 https://registry.npmjs.org/inherits/-/inherits-2.0.4.tgz 445ms (cache miss)
661 http fetch GET 200 https://registry.npmjs.org/sqlstring/-/sqlstring-2.3.3.tgz 454ms (cache miss)
662 http fetch GET 200 https://registry.npmjs.org/is-property/-/is-property-1.0.2.tgz 463ms (cache miss)
663 http fetch GET 200 https://registry.npmjs.org/hasown/-/hasown-2.0.2.tgz 488ms (cache miss)
664 http fetch GET 200 https://registry.npmjs.org/on-headers/-/on-headers-1.0.2.tgz 482ms (cache miss)
665 http fetch GET 200 https://registry.npmjs.org/basic-auth/-/basic-auth-2.0.1.tgz 484ms (cache miss)
666 http fetch GET 200 https://registry.npmjs.org/destroy/-/destroy-1.2.0.tgz 483ms (cache miss)
667 http fetch GET 200 https://registry.npmjs.org/unpipe/-/unpipe-1.0.0.tgz 505ms (cache miss)
668 http fetch GET 200 https://registry.npmjs.org/negotiator/-/negotiator-0.6.3.tgz 503ms (cache miss)
669 http fetch GET 200 https://registry.npmjs.org/ms/-/ms-2.0.0.tgz 505ms (cache miss)
670 http fetch GET 200 https://registry.npmjs.org/lru.min/-/lru.min-1.1.1.tgz 522ms (cache miss)
671 http fetch GET 200 https://registry.npmjs.org/denque/-/denque-2.1.0.tgz 521ms (cache miss)
672 http fetch GET 200 https://registry.npmjs.org/bytes/-/bytes-3.1.2.tgz 519ms (cache miss)
673 http fetch GET 200 https://registry.npmjs.org/range-parser/-/range-parser-1.2.1.tgz 535ms (cache miss)
674 http fetch GET 200 https://registry.npmjs.org/proxy-addr/-/proxy-addr-2.0.7.tgz 535ms (cache miss)
675 http fetch GET 200 https://registry.npmjs.org/parseurl/-/parseurl-1.3.3.tgz 536ms (cache miss)
676 http fetch GET 200 https://registry.npmjs.org/vary/-/vary-1.1.2.tgz 548ms (cache miss)
677 http fetch GET 200 https://registry.npmjs.org/type-is/-/type-is-1.6.18.tgz 548ms (cache miss)
678 http fetch GET 200 https://registry.npmjs.org/utils-merge/-/utils-merge-1.0.1.tgz 549ms (cache miss)
679 http fetch GET 200 https://registry.npmjs.org/mime-types/-/mime-types-2.1.35.tgz 551ms (cache miss)
680 http fetch GET 200 https://registry.npmjs.org/merge-descriptors/-/merge-descriptors-1.0.3.tgz 553ms (cache miss)
681 http fetch GET 200 https://registry.npmjs.org/statuses/-/statuses-2.0.1.tgz 570ms (cache miss)
682 http fetch GET 200 https://registry.npmjs.org/path-to-regexp/-/path-to-regexp-0.1.12.tgz 567ms (cache miss)
683 http fetch GET 200 https://registry.npmjs.org/gopd/-/gopd-1.2.0.tgz 586ms (cache miss)
684 http fetch GET 200 https://registry.npmjs.org/safer-buffer/-/safer-buffer-2.1.2.tgz 580ms (cache miss)
685 http fetch GET 200 https://registry.npmjs.org/methods/-/methods-1.1.2.tgz 574ms (cache miss)
686 http fetch GET 200 https://registry.npmjs.org/raw-body/-/raw-body-2.5.2.tgz 587ms (cache miss)
687 http fetch GET 200 https://registry.npmjs.org/encodeurl/-/encodeurl-2.0.0.tgz 583ms (cache miss)
688 http fetch GET 200 https://registry.npmjs.org/setprototypeof/-/setprototypeof-1.2.0.tgz 590ms (cache miss)
689 http fetch GET 200 https://registry.npmjs.org/fresh/-/fresh-0.5.2.tgz 586ms (cache miss)
690 http fetch GET 200 https://registry.npmjs.org/content-disposition/-/content-disposition-0.5.4.tgz 585ms (cache miss)
691 http fetch GET 200 https://registry.npmjs.org/escape-html/-/escape-html-1.0.3.tgz 590ms (cache miss)
692 http fetch GET 200 https://registry.npmjs.org/cookie/-/cookie-0.7.1.tgz 592ms (cache miss)
693 http fetch GET 200 https://registry.npmjs.org/http-errors/-/http-errors-2.0.0.tgz 595ms (cache miss)
694 http fetch GET 200 https://registry.npmjs.org/etag/-/etag-1.8.1.tgz 596ms (cache miss)
695 http fetch GET 200 https://registry.npmjs.org/cookie-signature/-/cookie-signature-1.0.6.tgz 594ms (cache miss)
696 http fetch GET 200 https://registry.npmjs.org/array-flatten/-/array-flatten-1.1.1.tgz 596ms (cache miss)
697 http fetch GET 200 https://registry.npmjs.org/send/-/send-0.19.0.tgz 605ms (cache miss)
698 http fetch GET 200 https://registry.npmjs.org/body-parser/-/body-parser-1.20.3.tgz 598ms (cache miss)
699 http fetch GET 200 https://registry.npmjs.org/seq-queue/-/seq-queue-0.0.5.tgz 619ms (cache miss)
700 http fetch GET 200 https://registry.npmjs.org/mime/-/mime-1.6.0.tgz 621ms (cache miss)
701 http fetch GET 200 https://registry.npmjs.org/long/-/long-5.2.3.tgz 627ms (cache miss)
702 http fetch GET 200 https://registry.npmjs.org/accepts/-/accepts-1.3.8.tgz 615ms (cache miss)
703 http fetch GET 200 https://registry.npmjs.org/ms/-/ms-2.1.3.tgz 616ms (cache miss)
704 http fetch GET 200 https://registry.npmjs.org/lru-cache/-/lru-cache-7.18.3.tgz 636ms (cache miss)
705 http fetch GET 200 https://registry.npmjs.org/safe-buffer/-/safe-buffer-5.1.2.tgz 625ms (cache miss)
706 http fetch GET 200 https://registry.npmjs.org/finalhandler/-/finalhandler-1.3.1.tgz 631ms (cache miss)
707 http fetch GET 200 https://registry.npmjs.org/side-channel/-/side-channel-1.1.0.tgz 650ms (cache miss)
708 http fetch GET 200 https://registry.npmjs.org/content-type/-/content-type-1.0.5.tgz 635ms (cache miss)
709 http fetch GET 200 https://registry.npmjs.org/es-object-atoms/-/es-object-atoms-1.0.0.tgz 664ms (cache miss)
710 http fetch GET 200 https://registry.npmjs.org/mime-db/-/mime-db-1.52.0.tgz 657ms (cache miss)
711 http fetch GET 200 https://registry.npmjs.org/morgan/-/morgan-1.10.0.tgz 646ms (cache miss)
712 http fetch GET 200 https://registry.npmjs.org/on-finished/-/on-finished-2.3.0.tgz 659ms (cache miss)
713 http fetch GET 200 https://registry.npmjs.org/on-finished/-/on-finished-2.4.1.tgz 664ms (cache miss)
714 http fetch GET 200 https://registry.npmjs.org/serve-static/-/serve-static-1.16.2.tgz 673ms (cache miss)
715 http fetch GET 200 https://registry.npmjs.org/encodeurl/-/encodeurl-1.0.2.tgz 667ms (cache miss)
716 http fetch GET 200 https://registry.npmjs.org/dunder-proto/-/dunder-proto-1.0.1.tgz 700ms (cache miss)
717 http fetch GET 200 https://registry.npmjs.org/safe-buffer/-/safe-buffer-5.2.1.tgz 687ms (cache miss)
718 http fetch GET 200 https://registry.npmjs.org/call-bound/-/call-bound-1.0.3.tgz 705ms (cache miss)
719 http fetch GET 200 https://registry.npmjs.org/has-symbols/-/has-symbols-1.1.0.tgz 708ms (cache miss)
720 http fetch GET 200 https://registry.npmjs.org/depd/-/depd-2.0.0.tgz 689ms (cache miss)
721 http fetch GET 200 https://registry.npmjs.org/get-intrinsic/-/get-intrinsic-1.2.6.tgz 712ms (cache miss)
722 http fetch GET 200 https://registry.npmjs.org/side-channel-map/-/side-channel-map-1.0.1.tgz 713ms (cache miss)
723 http fetch GET 200 https://registry.npmjs.org/side-channel-weakmap/-/side-channel-weakmap-1.0.2.tgz 715ms (cache miss)
724 http fetch GET 200 https://registry.npmjs.org/aws-ssl-profiles/-/aws-ssl-profiles-1.1.2.tgz 722ms (cache miss)
725 http fetch GET 200 https://registry.npmjs.org/call-bind-apply-helpers/-/call-bind-apply-helpers-1.0.1.tgz 733ms (cache miss)
726 http fetch GET 200 https://registry.npmjs.org/debug/-/debug-2.6.9.tgz 726ms (cache miss)
727 http fetch GET 200 https://registry.npmjs.org/express/-/express-4.21.2.tgz 735ms (cache miss)
728 http fetch GET 200 https://registry.npmjs.org/qs/-/qs-6.13.0.tgz 750ms (cache miss)
729 http fetch GET 200 https://registry.npmjs.org/math-intrinsics/-/math-intrinsics-1.1.0.tgz 775ms (cache miss)
730 http fetch GET 200 https://registry.npmjs.org/object-inspect/-/object-inspect-1.13.3.tgz 774ms (cache miss)
731 http fetch GET 200 https://registry.npmjs.org/iconv-lite/-/iconv-lite-0.4.24.tgz 770ms (cache miss)
732 http fetch GET 200 https://registry.npmjs.org/iconv-lite/-/iconv-lite-0.6.3.tgz 778ms (cache miss)
733 http fetch GET 200 https://registry.npmjs.org/mysql2/-/mysql2-3.11.5.tgz 921ms (cache miss)
734 silly ADD node_modules/media-typer
735 silly ADD node_modules/math-intrinsics
736 silly ADD node_modules/hasown
737 silly ADD node_modules/has-symbols
738 silly ADD node_modules/gopd
739 silly ADD node_modules/es-object-atoms
740 silly ADD node_modules/es-define-property
741 silly ADD node_modules/dunder-proto
742 silly ADD node_modules/function-bind
743 silly ADD node_modules/call-bind-apply-helpers
744 silly ADD node_modules/get-intrinsic
745 silly ADD node_modules/call-bound
746 silly ADD node_modules/side-channel-weakmap
747 silly ADD node_modules/side-channel-map
748 silly ADD node_modules/side-channel-list
749 silly ADD node_modules/object-inspect
750 silly ADD node_modules/es-errors
751 silly ADD node_modules/mime
752 silly ADD node_modules/side-channel
753 silly ADD node_modules/ipaddr.js
754 silly ADD node_modules/forwarded
755 silly ADD node_modules/ee-first
756 silly ADD node_modules/lru-cache
757 silly ADD node_modules/is-property
758 silly ADD node_modules/sqlstring
759 silly ADD node_modules/seq-queue
760 silly ADD node_modules/named-placeholders
761 silly ADD node_modules/lru.min
762 silly ADD node_modules/long
763 silly ADD node_modules/generate-function
764 silly ADD node_modules/denque
765 silly ADD node_modules/aws-ssl-profiles
766 silly ADD node_modules/on-headers
767 silly ADD node_modules/basic-auth
768 silly ADD node_modules/basic-auth/node_modules/safe-buffer
769 silly ADD node_modules/mime-db
770 silly ADD node_modules/safer-buffer
771 silly ADD node_modules/toidentifier
772 silly ADD node_modules/inherits
773 silly ADD node_modules/ms
774 silly ADD node_modules/unpipe
775 silly ADD node_modules/raw-body
776 silly ADD node_modules/iconv-lite
777 silly ADD node_modules/destroy
778 silly ADD node_modules/bytes
779 silly ADD node_modules/negotiator
780 silly ADD node_modules/mime-types
781 silly ADD node_modules/vary
782 silly ADD node_modules/utils-merge
783 silly ADD node_modules/type-is
784 silly ADD node_modules/statuses
785 silly ADD node_modules/setprototypeof
786 silly ADD node_modules/serve-static
787 silly ADD node_modules/send
788 silly ADD node_modules/send/node_modules/ms
789 silly ADD node_modules/send/node_modules/encodeurl
790 silly ADD node_modules/safe-buffer
791 silly ADD node_modules/range-parser
792 silly ADD node_modules/qs
793 silly ADD node_modules/proxy-addr
794 silly ADD node_modules/path-to-regexp
795 silly ADD node_modules/parseurl
796 silly ADD node_modules/on-finished
797 silly ADD node_modules/methods
798 silly ADD node_modules/merge-descriptors
799 silly ADD node_modules/http-errors
800 silly ADD node_modules/fresh
801 silly ADD node_modules/finalhandler
802 silly ADD node_modules/etag
803 silly ADD node_modules/escape-html
804 silly ADD node_modules/encodeurl
805 silly ADD node_modules/depd
806 silly ADD node_modules/debug
807 silly ADD node_modules/cookie-signature
808 silly ADD node_modules/cookie
809 silly ADD node_modules/content-type
810 silly ADD node_modules/content-disposition
811 silly ADD node_modules/body-parser
812 silly ADD node_modules/array-flatten
813 silly ADD node_modules/accepts
814 silly ADD node_modules/mysql2
815 silly ADD node_modules/mysql2/node_modules/iconv-lite
816 silly ADD node_modules/morgan
817 silly ADD node_modules/morgan/node_modules/on-finished
818 silly ADD node_modules/express
819 verbose cwd C:\Users\Tutur\Desktop\Udemy\Practica_MERN
820 verbose os Windows_NT 10.0.22631
821 verbose node v22.11.0
822 verbose npm  v10.9.2
823 verbose exit 0
824 info ok
