0 verbose cli C:\Program Files\nodejs\node.exe C:\Users\Tutur\AppData\Roaming\npm\node_modules\npm\bin\npm-cli.js
1 info using npm@10.9.2
2 info using node@v22.11.0
3 silly config load:file:C:\Users\Tutur\AppData\Roaming\npm\node_modules\npm\npmrc
4 silly config load:file:C:\Users\Tutur\Desktop\Udemy\Practica_MERN\.npmrc
5 silly config load:file:C:\Users\Tutur\.npmrc
6 silly config load:file:C:\Users\Tutur\AppData\Roaming\npm\etc\npmrc
7 verbose title npm run defv
8 verbose argv "run" "defv"
9 verbose logfile logs-max:10 dir:C:\Users\Tutur\Desktop\Udemy\Practica_MERN\tmpnodejsnpm-cache\_logs\2024-12-21T23_12_13_582Z-
10 verbose logfile C:\Users\Tutur\Desktop\Udemy\Practica_MERN\tmpnodejsnpm-cache\_logs\2024-12-21T23_12_13_582Z-debug-0.log
11 silly logfile done cleaning log files
12 verbose stack Error: Missing script: "defv"
12 verbose stack
12 verbose stack Did you mean this?
12 verbose stack   npm run dev # run the "dev" package script
12 verbose stack
12 verbose stack To see a list of scripts, run:
12 verbose stack   npm run
12 verbose stack     at #run (C:\Users\Tutur\AppData\Roaming\npm\node_modules\npm\lib\commands\run-script.js:111:13)
12 verbose stack     at async RunScript.exec (C:\Users\Tutur\AppData\Roaming\npm\node_modules\npm\lib\commands\run-script.js:40:7)
12 verbose stack     at async Npm.exec (C:\Users\Tutur\AppData\Roaming\npm\node_modules\npm\lib\npm.js:207:9)
12 verbose stack     at async module.exports (C:\Users\Tutur\AppData\Roaming\npm\node_modules\npm\lib\cli\entry.js:74:5)
13 error Missing script: "defv"
13 error
13 error Did you mean this?
13 error   npm run dev # run the "dev" package script
13 error
13 error To see a list of scripts, run:
13 error   npm run
14 verbose cwd C:\Users\Tutur\Desktop\Udemy\Practica_MERN
15 verbose os Windows_NT 10.0.22631
16 verbose node v22.11.0
17 verbose npm  v10.9.2
18 verbose exit 1
19 verbose code 1
20 error A complete log of this run can be found in: C:\Users\Tutur\Desktop\Udemy\Practica_MERN\tmpnodejsnpm-cache\_logs\2024-12-21T23_12_13_582Z-debug-0.log
